[debug] [2020-12-21T05:57:27.306Z] ----------------------------------------------------------------------
[debug] [2020-12-21T05:57:27.308Z] Command:       C:\Program Files\nodejs\node.exe C:\Users\SITUN\AppData\Roaming\npm\node_modules\firebase-tools\lib\bin\firebase.js init
[debug] [2020-12-21T05:57:27.309Z] CLI Version:   9.0.1
[debug] [2020-12-21T05:57:27.309Z] Platform:      win32
[debug] [2020-12-21T05:57:27.309Z] Node Version:  v14.15.0
[debug] [2020-12-21T05:57:27.309Z] Time:          Mon Dec 21 2020 11:27:27 GMT+0530 (India Standard Time)
[debug] [2020-12-21T05:57:27.310Z] ----------------------------------------------------------------------
[debug] [2020-12-21T05:57:27.310Z] 
[debug] [2020-12-21T05:57:27.315Z] > command requires scopes: ["email","openid","https://www.googleapis.com/auth/cloudplatformprojects.readonly","https://www.googleapis.com/auth/firebase","https://www.googleapis.com/auth/cloud-platform"]
[debug] [2020-12-21T05:57:27.315Z] > authorizing via signed-in user
[info] 
     ######## #### ########  ######## ########     ###     ######  ########
     ##        ##  ##     ## ##       ##     ##  ##   ##  ##       ##
     ######    ##  ########  ######   ########  #########  ######  ######
     ##        ##  ##    ##  ##       ##     ## ##     ##       ## ##
     ##       #### ##     ## ######## ########  ##     ##  ######  ########

You're about to initialize a Firebase project in this directory:

  C:\Users\SITUN\Desktop\myapp

[info] 
=== Project Setup
[info] 
[info] First, let's associate this project directory with a Firebase project.
[info] You can create multiple project aliases by running firebase use --add, 
[info] but for now we'll just set up a default project.
[info] 
[debug] [2020-12-21T05:57:55.485Z] > refreshing access token with scopes: ["email","https://www.googleapis.com/auth/cloud-platform","https://www.googleapis.com/auth/cloudplatformprojects.readonly","https://www.googleapis.com/auth/firebase","openid"]
[debug] [2020-12-21T05:57:55.486Z] >>> HTTP REQUEST POST https://www.googleapis.com/oauth2/v3/token  
 <request body omitted>
[debug] [2020-12-21T05:58:16.612Z] Authentication Error: Your credentials are no longer valid. Please run firebase login --reauth

For CI servers and headless environments, generate a new token with firebase login:ci
[debug] [2020-12-21T05:58:17.112Z] FirebaseError: Authentication Error: Your credentials are no longer valid. Please run firebase login --reauth

For CI servers and headless environments, generate a new token with firebase login:ci
    at Object.<anonymous> (C:\Users\SITUN\AppData\Roaming\npm\node_modules\firebase-tools\lib\auth.js:23:32)
    at Module._compile (internal/modules/cjs/loader.js:1063:30)
    at Object.Module._extensions..js (internal/modules/cjs/loader.js:1092:10)
    at Module.load (internal/modules/cjs/loader.js:928:32)
    at Function.Module._load (internal/modules/cjs/loader.js:769:14)
    at Module.require (internal/modules/cjs/loader.js:952:19)
    at require (internal/modules/cjs/helpers.js:88:18)
    at Object.<anonymous> (C:\Users\SITUN\AppData\Roaming\npm\node_modules\firebase-tools\lib\init\features\hosting\github.js:11:16)
    at Module._compile (internal/modules/cjs/loader.js:1063:30)
    at Object.Module._extensions..js (internal/modules/cjs/loader.js:1092:10)
    at Module.load (internal/modules/cjs/loader.js:928:32)
    at Function.Module._load (internal/modules/cjs/loader.js:769:14)
    at Module.require (internal/modules/cjs/loader.js:952:19)
    at require (internal/modules/cjs/helpers.js:88:18)
    at Object.<anonymous> (C:\Users\SITUN\AppData\Roaming\npm\node_modules\firebase-tools\lib\init\features\hosting\index.js:5:24)
    at Module._compile (internal/modules/cjs/loader.js:1063:30)
[error] 
[error] Error: Failed to list Firebase projects. See firebase-debug.log for more info.
[debug] [2020-12-21T05:58:36.902Z] ----------------------------------------------------------------------
[debug] [2020-12-21T05:58:36.904Z] Command:       C:\Program Files\nodejs\node.exe C:\Users\SITUN\AppData\Roaming\npm\node_modules\firebase-tools\lib\bin\firebase.js init
[debug] [2020-12-21T05:58:36.905Z] CLI Version:   9.0.1
[debug] [2020-12-21T05:58:36.905Z] Platform:      win32
[debug] [2020-12-21T05:58:36.905Z] Node Version:  v14.15.0
[debug] [2020-12-21T05:58:36.906Z] Time:          Mon Dec 21 2020 11:28:36 GMT+0530 (India Standard Time)
[debug] [2020-12-21T05:58:36.906Z] ----------------------------------------------------------------------
[debug] [2020-12-21T05:58:36.906Z] 
[debug] [2020-12-21T05:58:36.911Z] > command requires scopes: ["email","openid","https://www.googleapis.com/auth/cloudplatformprojects.readonly","https://www.googleapis.com/auth/firebase","https://www.googleapis.com/auth/cloud-platform"]
[debug] [2020-12-21T05:58:36.912Z] > authorizing via signed-in user
[info] 
     ######## #### ########  ######## ########     ###     ######  ########
     ##        ##  ##     ## ##       ##     ##  ##   ##  ##       ##
     ######    ##  ########  ######   ########  #########  ######  ######
     ##        ##  ##    ##  ##       ##     ## ##     ##       ## ##
     ##       #### ##     ## ######## ########  ##     ##  ######  ########

You're about to initialize a Firebase project in this directory:

  C:\Users\SITUN\Desktop\myapp

[info] 
=== Project Setup
[info] 
[info] First, let's associate this project directory with a Firebase project.
[info] You can create multiple project aliases by running firebase use --add, 
[info] but for now we'll just set up a default project.
[info] 
[debug] [2020-12-21T05:58:50.860Z] > refreshing access token with scopes: ["email","https://www.googleapis.com/auth/cloud-platform","https://www.googleapis.com/auth/cloudplatformprojects.readonly","https://www.googleapis.com/auth/firebase","openid"]
[debug] [2020-12-21T05:58:50.860Z] >>> HTTP REQUEST POST https://www.googleapis.com/oauth2/v3/token  
 <request body omitted>
[debug] [2020-12-21T05:59:11.915Z] Authentication Error: Your credentials are no longer valid. Please run firebase login --reauth

For CI servers and headless environments, generate a new token with firebase login:ci
[debug] [2020-12-21T05:59:12.331Z] FirebaseError: Authentication Error: Your credentials are no longer valid. Please run firebase login --reauth

For CI servers and headless environments, generate a new token with firebase login:ci
    at Object.<anonymous> (C:\Users\SITUN\AppData\Roaming\npm\node_modules\firebase-tools\lib\auth.js:23:32)
    at Module._compile (internal/modules/cjs/loader.js:1063:30)
    at Object.Module._extensions..js (internal/modules/cjs/loader.js:1092:10)
    at Module.load (internal/modules/cjs/loader.js:928:32)
    at Function.Module._load (internal/modules/cjs/loader.js:769:14)
    at Module.require (internal/modules/cjs/loader.js:952:19)
    at require (internal/modules/cjs/helpers.js:88:18)
    at Object.<anonymous> (C:\Users\SITUN\AppData\Roaming\npm\node_modules\firebase-tools\lib\init\features\hosting\github.js:11:16)
    at Module._compile (internal/modules/cjs/loader.js:1063:30)
    at Object.Module._extensions..js (internal/modules/cjs/loader.js:1092:10)
    at Module.load (internal/modules/cjs/loader.js:928:32)
    at Function.Module._load (internal/modules/cjs/loader.js:769:14)
    at Module.require (internal/modules/cjs/loader.js:952:19)
    at require (internal/modules/cjs/helpers.js:88:18)
    at Object.<anonymous> (C:\Users\SITUN\AppData\Roaming\npm\node_modules\firebase-tools\lib\init\features\hosting\index.js:5:24)
    at Module._compile (internal/modules/cjs/loader.js:1063:30)
[error] 
[error] Error: Failed to list Firebase projects. See firebase-debug.log for more info.
[debug] [2020-12-21T06:05:00.014Z] ----------------------------------------------------------------------
[debug] [2020-12-21T06:05:00.016Z] Command:       C:\Program Files\nodejs\node.exe C:\Users\SITUN\AppData\Roaming\npm\node_modules\firebase-tools\lib\bin\firebase.js init
[debug] [2020-12-21T06:05:00.016Z] CLI Version:   9.0.1
[debug] [2020-12-21T06:05:00.016Z] Platform:      win32
[debug] [2020-12-21T06:05:00.016Z] Node Version:  v14.15.0
[debug] [2020-12-21T06:05:00.017Z] Time:          Mon Dec 21 2020 11:35:00 GMT+0530 (India Standard Time)
[debug] [2020-12-21T06:05:00.017Z] ----------------------------------------------------------------------
[debug] [2020-12-21T06:05:00.017Z] 
[debug] [2020-12-21T06:05:00.022Z] > command requires scopes: ["email","openid","https://www.googleapis.com/auth/cloudplatformprojects.readonly","https://www.googleapis.com/auth/firebase","https://www.googleapis.com/auth/cloud-platform"]
[debug] [2020-12-21T06:05:00.023Z] > authorizing via signed-in user
[info] 
     ######## #### ########  ######## ########     ###     ######  ########
     ##        ##  ##     ## ##       ##     ##  ##   ##  ##       ##
     ######    ##  ########  ######   ########  #########  ######  ######
     ##        ##  ##    ##  ##       ##     ## ##     ##       ## ##
     ##       #### ##     ## ######## ########  ##     ##  ######  ########

You're about to initialize a Firebase project in this directory:

  C:\Users\SITUN\Desktop\myapp

[info] 
=== Project Setup
[info] 
[info] First, let's associate this project directory with a Firebase project.
[info] You can create multiple project aliases by running firebase use --add, 
[info] but for now we'll just set up a default project.
[info] 
[debug] [2020-12-21T06:08:11.529Z] > refreshing access token with scopes: ["email","https://www.googleapis.com/auth/cloud-platform","https://www.googleapis.com/auth/cloudplatformprojects.readonly","https://www.googleapis.com/auth/firebase","openid"]
[debug] [2020-12-21T06:08:11.530Z] >>> HTTP REQUEST POST https://www.googleapis.com/oauth2/v3/token  
 <request body omitted>
[debug] [2020-12-21T06:08:12.052Z] <<< HTTP RESPONSE 200 {"cache-control":"no-cache, no-store, max-age=0, must-revalidate","date":"Mon, 21 Dec 2020 06:07:47 GMT","pragma":"no-cache","expires":"Mon, 01 Jan 1990 00:00:00 GMT","content-type":"application/json; charset=utf-8","vary":"X-Origin, Referer, Origin,Accept-Encoding","server":"scaffolding on HTTPServer2","x-xss-protection":"0","x-frame-options":"SAMEORIGIN","x-content-type-options":"nosniff","alt-svc":"h3-29=\":443\"; ma=2592000,h3-T051=\":443\"; ma=2592000,h3-Q050=\":443\"; ma=2592000,h3-Q046=\":443\"; ma=2592000,h3-Q043=\":443\"; ma=2592000,quic=\":443\"; ma=2592000; v=\"46,43\"","accept-ranges":"none","transfer-encoding":"chunked"}
[debug] [2020-12-21T06:08:12.064Z] >>> HTTP REQUEST GET https://firebase.googleapis.com/v1beta1/projects?pageSize=100  
 
[debug] [2020-12-21T06:08:12.881Z] <<< HTTP RESPONSE 200 {"content-type":"application/json; charset=UTF-8","vary":"X-Origin, Referer, Origin,Accept-Encoding","date":"Mon, 21 Dec 2020 06:07:47 GMT","server":"ESF","cache-control":"private","x-xss-protection":"0","x-frame-options":"SAMEORIGIN","x-content-type-options":"nosniff","alt-svc":"h3-29=\":443\"; ma=2592000,h3-T051=\":443\"; ma=2592000,h3-Q050=\":443\"; ma=2592000,h3-Q046=\":443\"; ma=2592000,h3-Q043=\":443\"; ma=2592000,quic=\":443\"; ma=2592000; v=\"46,43\"","accept-ranges":"none","transfer-encoding":"chunked"}
[info] i  Using project e-challenge-96d8f (amazone-challenge) 
[info] 
=== Hosting Setup
[info] 
[info] Your public directory is the folder (relative to your project directory) that
[info] will contain Hosting assets to be uploaded with firebase deploy. If you
[info] have a build process for your assets, use your build's output directory.
[info] 
[debug] [2020-12-21T06:09:34.795Z] >>> [apiv2][query] GET https://www.gstatic.com/firebasejs/releases.json [none]
[debug] [2020-12-21T06:09:35.452Z] <<< [apiv2][status] GET https://www.gstatic.com/firebasejs/releases.json 200
[debug] [2020-12-21T06:09:35.453Z] <<< [apiv2][body] GET https://www.gstatic.com/firebasejs/releases.json {"current":{"version":"8.2.1","browserURL":"https://www.gstatic.com/firebasejs/8.2.1/firebase.js","packageURL":"https://www.gstatic.com/firebasejs/8.2.1/firebase.tgz"},"live":{"version":"8.2","browserURL":"https://www.gstatic.com/firebasejs/live/8.2/firebase.js","packageURL":"https://www.gstatic.com/firebasejs/live/8.2/firebase.tgz"},"components":{"analytics":"https://www.gstatic.com/firebasejs/8.2.1/firebase-analytics.js","app":"https://www.gstatic.com/firebasejs/8.2.1/firebase-app.js","auth":"https://www.gstatic.com/firebasejs/8.2.1/firebase-auth.js","database":"https://www.gstatic.com/firebasejs/8.2.1/firebase-database.js","firestore":"https://www.gstatic.com/firebasejs/8.2.1/firebase-firestore.js","functions":"https://www.gstatic.com/firebasejs/8.2.1/firebase-functions.js","installations":"https://www.gstatic.com/firebasejs/8.2.1/firebase-installations.js","messaging":"https://www.gstatic.com/firebasejs/8.2.1/firebase-messaging.js","storage":"https://www.gstatic.com/firebasejs/8.2.1/firebase-storage.js","performance":"https://www.gstatic.com/firebasejs/8.2.1/firebase-performance.js","remote-config":"https://www.gstatic.com/firebasejs/8.2.1/firebase-remote-config.js","firestore.memory":"https://www.gstatic.com/firebasejs/8.2.1/firebase-firestore.memory.js"}}
[info] +  Wrote build/index.html 
[info] 
[info] i  Didn't detect a .git folder. Assuming C:\Users\SITUN\Desktop\myapp is the project root. 
[info] i  Authorizing with GitHub to upload your service account to a GitHub repository's secrets store. 
[info] 
[info] Visit this URL on this device to log in:
[info] https://github.com/login/oauth/authorize?client_id=89cf50f02ac6aaed3484&state=752138712&redirect_uri=http%3A%2F%2Flocalhost%3A9005&scope=read%3Auser%20repo%20public_repo
[info] 
[info] Waiting for authentication...
[debug] [2020-12-21T06:11:10.333Z] >>> HTTP REQUEST POST https://github.com/login/oauth/access_token  
 {"client_id":"89cf50f02ac6aaed3484","client_secret":"3330d14abc895d9a74d5f17cd7a00711fa2c5bf0","code":"e09a2474f900cd7d8d74","redirect_uri":"http://localhost:9005","state":"752138712"}
[debug] [2020-12-21T06:11:11.274Z] <<< HTTP RESPONSE 200 {"date":"Mon, 21 Dec 2020 06:10:46 GMT","content-type":"application/json; charset=utf-8","transfer-encoding":"chunked","server":"GitHub.com","status":"200 OK","vary":"X-PJAX, Accept-Encoding, Accept, X-Requested-With, Accept-Encoding","etag":"W/\"9d5ec4c9fd6aad4c797f2ccb4cb16003\"","cache-control":"max-age=0, private, must-revalidate","strict-transport-security":"max-age=31536000; includeSubdomains; preload","x-frame-options":"deny","x-content-type-options":"nosniff","x-xss-protection":"1; mode=block","referrer-policy":"origin-when-cross-origin, strict-origin-when-cross-origin","expect-ct":"max-age=2592000, report-uri=\"https://api.github.com/_private/browser/errors\"","content-security-policy":"default-src 'none'; base-uri 'self'; block-all-mixed-content; connect-src 'self' uploads.github.com www.githubstatus.com collector.githubapp.com api.github.com github-cloud.s3.amazonaws.com github-production-repository-file-5c1aeb.s3.amazonaws.com github-production-upload-manifest-file-7fdce7.s3.amazonaws.com github-production-user-asset-6210df.s3.amazonaws.com cdn.optimizely.com logx.optimizely.com/v1/events wss://alive.github.com; font-src github.githubassets.com; form-action 'self' github.com gist.github.com; frame-ancestors 'none'; frame-src render.githubusercontent.com; img-src 'self' data: github.githubassets.com identicons.github.com collector.githubapp.com github-cloud.s3.amazonaws.com *.githubusercontent.com; manifest-src 'self'; media-src 'none'; script-src github.githubassets.com; style-src 'unsafe-inline' github.githubassets.com; worker-src github.com/socket-worker-5029ae85.js gist.github.com/socket-worker-5029ae85.js","x-github-request-id":"DD1F:626D:11BD65A:16BCE03:5FE03C65"}
[debug] [2020-12-21T06:11:11.276Z] >>> [apiv2][query] GET https://api.github.com/user [none]
[debug] [2020-12-21T06:11:12.081Z] <<< [apiv2][status] GET https://api.github.com/user 200
[debug] [2020-12-21T06:11:12.081Z] <<< [apiv2][body] GET https://api.github.com/user {"login":"Satyajyoti-Muduli","id":66858467,"node_id":"MDQ6VXNlcjY2ODU4NDY3","avatar_url":"https://avatars3.githubusercontent.com/u/66858467?v=4","gravatar_id":"","url":"https://api.github.com/users/Satyajyoti-Muduli","html_url":"https://github.com/Satyajyoti-Muduli","followers_url":"https://api.github.com/users/Satyajyoti-Muduli/followers","following_url":"https://api.github.com/users/Satyajyoti-Muduli/following{/other_user}","gists_url":"https://api.github.com/users/Satyajyoti-Muduli/gists{/gist_id}","starred_url":"https://api.github.com/users/Satyajyoti-Muduli/starred{/owner}{/repo}","subscriptions_url":"https://api.github.com/users/Satyajyoti-Muduli/subscriptions","organizations_url":"https://api.github.com/users/Satyajyoti-Muduli/orgs","repos_url":"https://api.github.com/users/Satyajyoti-Muduli/repos","events_url":"https://api.github.com/users/Satyajyoti-Muduli/events{/privacy}","received_events_url":"https://api.github.com/users/Satyajyoti-Muduli/received_events","type":"User","site_admin":false,"name":null,"company":null,"blog":"","location":null,"email":null,"hireable":null,"bio":null,"twitter_username":null,"public_repos":3,"public_gists":0,"followers":0,"following":0,"created_at":"2020-06-13T03:43:11Z","updated_at":"2020-12-21T06:09:20Z","private_gists":0,"total_private_repos":0,"owned_private_repos":0,"disk_usage":0,"collaborators":0,"two_factor_authentication":false,"plan":{"name":"free","space":976562499,"collaborators":0,"private_repos":10000}}
[info] 
[info] +  Success! Logged into GitHub as Satyajyoti-Muduli 
[info] 
[debug] [2020-12-21T06:13:01.731Z] >>> [apiv2][query] GET https://api.github.com/repos/amazone_clone/actions/secrets/public-key type=owner
[debug] [2020-12-21T06:13:02.424Z] <<< [apiv2][status] GET https://api.github.com/repos/amazone_clone/actions/secrets/public-key 404
[debug] [2020-12-21T06:13:02.424Z] <<< [apiv2][body] GET https://api.github.com/repos/amazone_clone/actions/secrets/public-key {"message":"Not Found","documentation_url":"https://docs.github.com/rest"}
